<?xml version="1.0" encoding="UTF-8"?>
<!-- Generated by org.testng.reporters.JUnitReportReporter -->
<testsuite hostname="MICROSOFT" failures="0" tests="3" name="screenShotsHere.TakeScreenshot" time="39.991" errors="0" timestamp="2023-02-12T12:19:10 IST" skipped="0">
  <testcase classname="screenShotsHere.TakeScreenshot" name="browserOpen" time="39.266"/>
  <system-out/>
  <testcase classname="screenShotsHere.TakeScreenshot" name="screenshotPage" time="0.701"/>
  <system-out/>
  <testcase classname="screenShotsHere.TakeScreenshot" name="closeBrowser" time="0.024"/>
  <system-out/>
</testsuite> <!-- screenShotsHere.TakeScreenshot -->
