<?xml version="1.0" encoding="UTF-8"?>
<!-- Generated by org.testng.reporters.JUnitReportReporter -->
<testsuite hostname="MICROSOFT" failures="0" tests="3" name="pageObject.browserTest" time="23.646" errors="0" timestamp="2023-02-10T21:46:58 IST" skipped="0">
  <testcase classname="pageObject.browserTest" name="launchBrowser" time="11.400"/>
  <system-out/>
  <testcase classname="pageObject.browserTest" name="openWebPage" time="9.747"/>
  <system-out/>
  <testcase classname="pageObject.browserTest" name="closeBrowser" time="2.499"/>
  <system-out/>
</testsuite> <!-- pageObject.browserTest -->
