<?xml version="1.0" encoding="UTF-8"?>
<!-- Generated by org.testng.reporters.JUnitReportReporter -->
<testsuite hostname="MICROSOFT" failures="0" tests="3" name="pageObject.HelloWorld" time="116.692" errors="0" timestamp="2023-02-10T20:57:28 IST" skipped="0">
  <testcase classname="pageObject.HelloWorld" name="launchBrowser" time="78.839"/>
  <system-out/>
  <testcase classname="pageObject.HelloWorld" name="openWebPage" time="33.105"/>
  <system-out/>
  <testcase classname="pageObject.HelloWorld" name="closeBrowser" time="4.748"/>
  <system-out/>
</testsuite> <!-- pageObject.HelloWorld -->
